<?xml version="1.0" encoding="UTF-8"?>
<testsuites name="jest tests" tests="18" failures="0" errors="0" time="0.18">
  <testsuite name="Parser DSFR V2 - Performance et fonctionnalités" errors="0" failures="0" skipped="0" timestamp="2025-08-06T21:18:35" time="0.152" tests="18">
    <testcase classname="Parser DSFR V2 - Performance et fonctionnalités YamlParserService should parse valid YAML content" name="Parser DSFR V2 - Performance et fonctionnalités YamlParserService should parse valid YAML content" time="0.003">
    </testcase>
    <testcase classname="Parser DSFR V2 - Performance et fonctionnalités YamlParserService should handle YAML parsing errors gracefully" name="Parser DSFR V2 - Performance et fonctionnalités YamlParserService should handle YAML parsing errors gracefully" time="0.002">
    </testcase>
    <testcase classname="Parser DSFR V2 - Performance et fonctionnalités YamlParserService should validate against DSFR component schema" name="Parser DSFR V2 - Performance et fonctionnalités YamlParserService should validate against DSFR component schema" time="0">
    </testcase>
    <testcase classname="Parser DSFR V2 - Performance et fonctionnalités YamlParserService should process multiple files in parallel" name="Parser DSFR V2 - Performance et fonctionnalités YamlParserService should process multiple files in parallel" time="0.001">
    </testcase>
    <testcase classname="Parser DSFR V2 - Performance et fonctionnalités YamlParserService should provide parsing statistics" name="Parser DSFR V2 - Performance et fonctionnalités YamlParserService should provide parsing statistics" time="0.001">
    </testcase>
    <testcase classname="Parser DSFR V2 - Performance et fonctionnalités SearchIndexService should add documents to search index" name="Parser DSFR V2 - Performance et fonctionnalités SearchIndexService should add documents to search index" time="0.002">
    </testcase>
    <testcase classname="Parser DSFR V2 - Performance et fonctionnalités SearchIndexService should perform fuzzy search" name="Parser DSFR V2 - Performance et fonctionnalités SearchIndexService should perform fuzzy search" time="0.001">
    </testcase>
    <testcase classname="Parser DSFR V2 - Performance et fonctionnalités SearchIndexService should filter by facets" name="Parser DSFR V2 - Performance et fonctionnalités SearchIndexService should filter by facets" time="0.001">
    </testcase>
    <testcase classname="Parser DSFR V2 - Performance et fonctionnalités SearchIndexService should provide pagination" name="Parser DSFR V2 - Performance et fonctionnalités SearchIndexService should provide pagination" time="0.001">
    </testcase>
    <testcase classname="Parser DSFR V2 - Performance et fonctionnalités SearchIndexService should sort results by different criteria" name="Parser DSFR V2 - Performance et fonctionnalités SearchIndexService should sort results by different criteria" time="0.006">
    </testcase>
    <testcase classname="Parser DSFR V2 - Performance et fonctionnalités SearchIndexService should calculate facets correctly" name="Parser DSFR V2 - Performance et fonctionnalités SearchIndexService should calculate facets correctly" time="0.001">
    </testcase>
    <testcase classname="Parser DSFR V2 - Performance et fonctionnalités SearchIndexService should provide search performance metrics" name="Parser DSFR V2 - Performance et fonctionnalités SearchIndexService should provide search performance metrics" time="0.002">
    </testcase>
    <testcase classname="Parser DSFR V2 - Performance et fonctionnalités Performance Tests should achieve 5x performance improvement over V1" name="Parser DSFR V2 - Performance et fonctionnalités Performance Tests should achieve 5x performance improvement over V1" time="0.001">
    </testcase>
    <testcase classname="Parser DSFR V2 - Performance et fonctionnalités Performance Tests should handle concurrent parsing efficiently" name="Parser DSFR V2 - Performance et fonctionnalités Performance Tests should handle concurrent parsing efficiently" time="0.002">
    </testcase>
    <testcase classname="Parser DSFR V2 - Performance et fonctionnalités Performance Tests should maintain performance with large datasets" name="Parser DSFR V2 - Performance et fonctionnalités Performance Tests should maintain performance with large datasets" time="0.004">
    </testcase>
    <testcase classname="Parser DSFR V2 - Performance et fonctionnalités Integration Tests should integrate all services correctly" name="Parser DSFR V2 - Performance et fonctionnalités Integration Tests should integrate all services correctly" time="0.001">
    </testcase>
    <testcase classname="Parser DSFR V2 - Performance et fonctionnalités Integration Tests should handle errors gracefully across services" name="Parser DSFR V2 - Performance et fonctionnalités Integration Tests should handle errors gracefully across services" time="0.002">
    </testcase>
    <testcase classname="Parser DSFR V2 - Performance et fonctionnalités Integration Tests should provide comprehensive statistics" name="Parser DSFR V2 - Performance et fonctionnalités Integration Tests should provide comprehensive statistics" time="0.001">
    </testcase>
  </testsuite>
</testsuites>